1615608598047	geckodriver	INFO	Listening on 127.0.0.1:61032
1615608601069	mozrunner::runner	INFO	Running command: "C:\\Program Files\\Mozilla Firefox\\firefox.exe" "--marionette" "-foreground" "-no-remote" "-profile" "C:\\Users\\Apolinar\\AppData\\Local\\Temp\\rust_mozprofile4pckYs"
console.warn: SearchSettings: "get: No settings file exists, new profile?" (new Error("", "(unknown module)"))
1615608602798	Marionette	INFO	Listening on port 61040
1615608603107	Marionette	WARN	TLS certificate errors will be ignored for this session
1615608603449	Marionette	INFO	Stopped listening on port 61040

###!!! [Child][RunMessage] Error: Channel closing: too late to send/recv, messages will be lost

1615854189595	geckodriver	INFO	Listening on 127.0.0.1:57883
1615854192618	mozrunner::runner	INFO	Running command: "C:\\Program Files\\Mozilla Firefox\\firefox.exe" "--marionette" "-foreground" "-no-remote" "-profile" "C:\\Users\\Apolinar\\AppData\\Local\\Temp\\rust_mozprofileJfivJR"
console.warn: SearchSettings: "get: No settings file exists, new profile?" (new Error("", "(unknown module)"))
1615854195026	Marionette	INFO	Listening on port 57891
1615854195252	Marionette	WARN	TLS certificate errors will be ignored for this session
1615854195604	Marionette	INFO	Stopped listening on port 57891
JavaScript error: resource://activity-stream/lib/ASRouter.jsm, line 988: NS_ERROR_ILLEGAL_VALUE: Component returned failure code: 0x80070057 (NS_ERROR_ILLEGAL_VALUE) [nsIObserverService.removeObserver]

###!!! [Child][RunMessage] Error: Channel closing: too late to send/recv, messages will be lost

1615854222020	geckodriver	INFO	Listening on 127.0.0.1:57940
1615854225034	mozrunner::runner	INFO	Running command: "C:\\Program Files\\Mozilla Firefox\\firefox.exe" "--marionette" "-foreground" "-no-remote" "-profile" "C:\\Users\\Apolinar\\AppData\\Local\\Temp\\rust_mozprofileb7M37r"
console.warn: SearchSettings: "get: No settings file exists, new profile?" (new Error("", "(unknown module)"))
1615854226676	Marionette	INFO	Listening on port 57948
1615854227053	Marionette	WARN	TLS certificate errors will be ignored for this session
1615854227345	Marionette	INFO	Stopped listening on port 57948
JavaScript error: resource://activity-stream/lib/ASRouter.jsm, line 988: NS_ERROR_ILLEGAL_VALUE: Component returned failure code: 0x80070057 (NS_ERROR_ILLEGAL_VALUE) [nsIObserverService.removeObserver]

###!!! [Child][RunMessage] Error: Channel closing: too late to send/recv, messages will be lost

1615854253693	geckodriver	INFO	Listening on 127.0.0.1:57993
1615854256747	mozrunner::runner	INFO	Running command: "C:\\Program Files\\Mozilla Firefox\\firefox.exe" "--marionette" "-foreground" "-no-remote" "-profile" "C:\\Users\\Apolinar\\AppData\\Local\\Temp\\rust_mozprofiletWIogj"
console.warn: SearchSettings: "get: No settings file exists, new profile?" (new Error("", "(unknown module)"))
1615854258385	Marionette	INFO	Listening on port 58001
1615854258800	Marionette	WARN	TLS certificate errors will be ignored for this session
1615854259087	Marionette	INFO	Stopped listening on port 58001
JavaScript error: resource://activity-stream/lib/ASRouter.jsm, line 988: NS_ERROR_ILLEGAL_VALUE: Component returned failure code: 0x80070057 (NS_ERROR_ILLEGAL_VALUE) [nsIObserverService.removeObserver]

###!!! [Child][RunMessage] Error: Channel closing: too late to send/recv, messages will be lost

1615861064788	geckodriver	INFO	Listening on 127.0.0.1:58753
1615861067799	mozrunner::runner	INFO	Running command: "C:\\Program Files\\Mozilla Firefox\\firefox.exe" "--marionette" "-foreground" "-no-remote" "-profile" "C:\\Users\\Apolinar\\AppData\\Local\\Temp\\rust_mozprofile1Ha309"
console.warn: SearchSettings: "get: No settings file exists, new profile?" (new Error("", "(unknown module)"))
1615861069618	Marionette	INFO	Listening on port 58761
1615861069822	Marionette	WARN	TLS certificate errors will be ignored for this session
1615861070147	Marionette	INFO	Stopped listening on port 58761
JavaScript error: resource://activity-stream/lib/ASRouter.jsm, line 988: NS_ERROR_ILLEGAL_VALUE: Component returned failure code: 0x80070057 (NS_ERROR_ILLEGAL_VALUE) [nsIObserverService.removeObserver]

###!!! [Child][RunMessage] Error: Channel closing: too late to send/recv, messages will be lost

1615861092284	geckodriver	INFO	Listening on 127.0.0.1:58835
1615861095307	mozrunner::runner	INFO	Running command: "C:\\Program Files\\Mozilla Firefox\\firefox.exe" "--marionette" "-foreground" "-no-remote" "-profile" "C:\\Users\\Apolinar\\AppData\\Local\\Temp\\rust_mozprofilelNIg5b"
console.warn: SearchSettings: "get: No settings file exists, new profile?" (new Error("", "(unknown module)"))
1615861096926	Marionette	INFO	Listening on port 58843
1615861097330	Marionette	WARN	TLS certificate errors will be ignored for this session
1615861097672	Marionette	INFO	Stopped listening on port 58843

###!!! [Child][RunMessage] Error: Channel closing: too late to send/recv, messages will be lost

1615861120207	geckodriver	INFO	Listening on 127.0.0.1:58919
1615861123219	mozrunner::runner	INFO	Running command: "C:\\Program Files\\Mozilla Firefox\\firefox.exe" "--marionette" "-foreground" "-no-remote" "-profile" "C:\\Users\\Apolinar\\AppData\\Local\\Temp\\rust_mozprofileb0vdey"
console.warn: SearchSettings: "get: No settings file exists, new profile?" (new Error("", "(unknown module)"))
1615861124938	Marionette	INFO	Listening on port 58929
1615861125254	Marionette	WARN	TLS certificate errors will be ignored for this session
1615861125558	Marionette	INFO	Stopped listening on port 58929
JavaScript error: resource://activity-stream/lib/ASRouter.jsm, line 988: NS_ERROR_ILLEGAL_VALUE: Component returned failure code: 0x80070057 (NS_ERROR_ILLEGAL_VALUE) [nsIObserverService.removeObserver]
console.warn: services.settings: main/whats-new-panel sync interrupted by shutdown

###!!! [Child][RunMessage] Error: Channel closing: too late to send/recv, messages will be lost

1615861313748	geckodriver	INFO	Listening on 127.0.0.1:59029
1615861316777	mozrunner::runner	INFO	Running command: "C:\\Program Files\\Mozilla Firefox\\firefox.exe" "--marionette" "-foreground" "-no-remote" "-profile" "C:\\Users\\Apolinar\\AppData\\Local\\Temp\\rust_mozprofileaGHFgK"
console.warn: SearchSettings: "get: No settings file exists, new profile?" (new Error("", "(unknown module)"))
1615861318585	Marionette	INFO	Listening on port 59038
1615861318810	Marionette	WARN	TLS certificate errors will be ignored for this session
1615861319106	Marionette	INFO	Stopped listening on port 59038
JavaScript error: resource://activity-stream/lib/ASRouter.jsm, line 988: NS_ERROR_ILLEGAL_VALUE: Component returned failure code: 0x80070057 (NS_ERROR_ILLEGAL_VALUE) [nsIObserverService.removeObserver]

###!!! [Child][RunMessage] Error: Channel closing: too late to send/recv, messages will be lost

1615861341156	geckodriver	INFO	Listening on 127.0.0.1:59112
1615861468782	geckodriver	INFO	Listening on 127.0.0.1:59170
1615861471790	mozrunner::runner	INFO	Running command: "C:\\Program Files\\Mozilla Firefox\\firefox.exe" "--marionette" "-foreground" "-no-remote" "-profile" "C:\\Users\\Apolinar\\AppData\\Local\\Temp\\rust_mozprofileAUQvtM"
console.warn: SearchSettings: "get: No settings file exists, new profile?" (new Error("", "(unknown module)"))
1615861473399	Marionette	INFO	Listening on port 59178
1615861473813	Marionette	WARN	TLS certificate errors will be ignored for this session
1615861474106	Marionette	INFO	Stopped listening on port 59178
JavaScript error: resource://activity-stream/lib/ASRouter.jsm, line 988: NS_ERROR_ILLEGAL_VALUE: Component returned failure code: 0x80070057 (NS_ERROR_ILLEGAL_VALUE) [nsIObserverService.removeObserver]

###!!! [Child][RunMessage] Error: Channel closing: too late to send/recv, messages will be lost

1615861496236	geckodriver	INFO	Listening on 127.0.0.1:59252
1615861499248	mozrunner::runner	INFO	Running command: "C:\\Program Files\\Mozilla Firefox\\firefox.exe" "--marionette" "-foreground" "-no-remote" "-profile" "C:\\Users\\Apolinar\\AppData\\Local\\Temp\\rust_mozprofileK3a1fQ"
console.warn: SearchSettings: "get: No settings file exists, new profile?" (new Error("", "(unknown module)"))
1615861500880	Marionette	INFO	Listening on port 59260
1615861501267	Marionette	WARN	TLS certificate errors will be ignored for this session
1615861501567	Marionette	INFO	Stopped listening on port 59260
JavaScript error: resource://activity-stream/lib/ASRouter.jsm, line 988: NS_ERROR_ILLEGAL_VALUE: Component returned failure code: 0x80070057 (NS_ERROR_ILLEGAL_VALUE) [nsIObserverService.removeObserver]

###!!! [Child][RunMessage] Error: Channel closing: too late to send/recv, messages will be lost

1615861523747	geckodriver	INFO	Listening on 127.0.0.1:59339
1615861526755	mozrunner::runner	INFO	Running command: "C:\\Program Files\\Mozilla Firefox\\firefox.exe" "--marionette" "-foreground" "-no-remote" "-profile" "C:\\Users\\Apolinar\\AppData\\Local\\Temp\\rust_mozprofileWtHweK"
console.warn: SearchSettings: "get: No settings file exists, new profile?" (new Error("", "(unknown module)"))
1615861528451	Marionette	INFO	Listening on port 59347
1615861528780	Marionette	WARN	TLS certificate errors will be ignored for this session
1615861529148	Marionette	INFO	Stopped listening on port 59347

###!!! [Child][RunMessage] Error: Channel closing: too late to send/recv, messages will be lost

1615861674344	geckodriver	INFO	Listening on 127.0.0.1:59437
1615861677357	mozrunner::runner	INFO	Running command: "C:\\Program Files\\Mozilla Firefox\\firefox.exe" "--marionette" "-foreground" "-no-remote" "-profile" "C:\\Users\\Apolinar\\AppData\\Local\\Temp\\rust_mozprofileFnuZag"
console.warn: SearchSettings: "get: No settings file exists, new profile?" (new Error("", "(unknown module)"))
1615861679163	Marionette	INFO	Listening on port 59445
1615861679377	Marionette	WARN	TLS certificate errors will be ignored for this session
1615861679696	Marionette	INFO	Stopped listening on port 59445
JavaScript error: resource://activity-stream/lib/ASRouter.jsm, line 988: NS_ERROR_ILLEGAL_VALUE: Component returned failure code: 0x80070057 (NS_ERROR_ILLEGAL_VALUE) [nsIObserverService.removeObserver]

###!!! [Child][RunMessage] Error: Channel closing: too late to send/recv, messages will be lost

1615861747076	geckodriver	INFO	Listening on 127.0.0.1:59519
1615861750085	mozrunner::runner	INFO	Running command: "C:\\Program Files\\Mozilla Firefox\\firefox.exe" "--marionette" "-foreground" "-no-remote" "-profile" "C:\\Users\\Apolinar\\AppData\\Local\\Temp\\rust_mozprofileqYac1Z"
console.warn: SearchSettings: "get: No settings file exists, new profile?" (new Error("", "(unknown module)"))
1615861751603	Marionette	INFO	Listening on port 59527
1615861752106	Marionette	WARN	TLS certificate errors will be ignored for this session
1615861752404	Marionette	INFO	Stopped listening on port 59527

###!!! [Child][RunMessage] Error: Channel closing: too late to send/recv, messages will be lost

1615861819714	geckodriver	INFO	Listening on 127.0.0.1:59607
1615861822727	mozrunner::runner	INFO	Running command: "C:\\Program Files\\Mozilla Firefox\\firefox.exe" "--marionette" "-foreground" "-no-remote" "-profile" "C:\\Users\\Apolinar\\AppData\\Local\\Temp\\rust_mozprofileezqPYd"
console.warn: SearchSettings: "get: No settings file exists, new profile?" (new Error("", "(unknown module)"))
1615861824378	Marionette	INFO	Listening on port 59615
1615861824752	Marionette	WARN	TLS certificate errors will be ignored for this session
1615861825050	Marionette	INFO	Stopped listening on port 59615
JavaScript error: resource://activity-stream/lib/ASRouter.jsm, line 988: NS_ERROR_ILLEGAL_VALUE: Component returned failure code: 0x80070057 (NS_ERROR_ILLEGAL_VALUE) [nsIObserverService.removeObserver]

###!!! [Child][RunMessage] Error: Channel closing: too late to send/recv, messages will be lost

1615861892033	geckodriver	INFO	Listening on 127.0.0.1:59701
1615861996386	geckodriver	INFO	Listening on 127.0.0.1:59784
1615861999396	mozrunner::runner	INFO	Running command: "C:\\Program Files\\Mozilla Firefox\\firefox.exe" "--marionette" "-foreground" "-no-remote" "-profile" "C:\\Users\\Apolinar\\AppData\\Local\\Temp\\rust_mozprofile4n2WV5"
console.warn: SearchSettings: "get: No settings file exists, new profile?" (new Error("", "(unknown module)"))
1615862001285	Marionette	INFO	Listening on port 59793
1615862001423	Marionette	WARN	TLS certificate errors will be ignored for this session
1615862001756	Marionette	INFO	Stopped listening on port 59793
JavaScript error: resource://activity-stream/lib/ASRouter.jsm, line 988: NS_ERROR_ILLEGAL_VALUE: Component returned failure code: 0x80070057 (NS_ERROR_ILLEGAL_VALUE) [nsIObserverService.removeObserver]

###!!! [Child][RunMessage] Error: Channel closing: too late to send/recv, messages will be lost

1615862112081	geckodriver	INFO	Listening on 127.0.0.1:59885
1615862115128	mozrunner::runner	INFO	Running command: "C:\\Program Files\\Mozilla Firefox\\firefox.exe" "--marionette" "-foreground" "-no-remote" "-profile" "C:\\Users\\Apolinar\\AppData\\Local\\Temp\\rust_mozprofileMAG1yY"
console.warn: SearchSettings: "get: No settings file exists, new profile?" (new Error("", "(unknown module)"))
1615862116857	Marionette	INFO	Listening on port 59893
1615862117177	Marionette	WARN	TLS certificate errors will be ignored for this session
1615862117475	Marionette	INFO	Stopped listening on port 59893
JavaScript error: resource://activity-stream/lib/ASRouter.jsm, line 988: NS_ERROR_ILLEGAL_VALUE: Component returned failure code: 0x80070057 (NS_ERROR_ILLEGAL_VALUE) [nsIObserverService.removeObserver]

###!!! [Child][RunMessage] Error: Channel closing: too late to send/recv, messages will be lost

1615862172849	geckodriver	INFO	Listening on 127.0.0.1:59976
1615862175862	mozrunner::runner	INFO	Running command: "C:\\Program Files\\Mozilla Firefox\\firefox.exe" "--marionette" "-foreground" "-no-remote" "-profile" "C:\\Users\\Apolinar\\AppData\\Local\\Temp\\rust_mozprofiledf1ykS"
console.warn: SearchSettings: "get: No settings file exists, new profile?" (new Error("", "(unknown module)"))
1615862177591	Marionette	INFO	Listening on port 59985
1615862181536	Marionette	INFO	Stopped listening on port 59985

###!!! [Child][RunMessage] Error: Channel closing: too late to send/recv, messages will be lost

